<?xml version="1.0" encoding="UTF-8"?>
<testng-results ignored="0" total="2" passed="2" failed="0" skipped="0">
  <reporter-output>
  </reporter-output>
  <suite started-at="2025-01-07T20:50:25 IST" name="Suite" finished-at="2025-01-07T20:51:25 IST" duration-ms="59873">
    <groups>
    </groups>
    <test started-at="2025-01-07T20:50:25 IST" name="Test" finished-at="2025-01-07T20:51:25 IST" duration-ms="59873">
      <class name="arjun.Practice02.testCaseDP1">
        <test-method signature="songsearch(java.lang.String,java.lang.String,java.lang.String)[pri:0, instance:arjun.Practice02.testCaseDP1@6c64cb25]" started-at="2025-01-07T20:50:25 IST" name="songsearch" data-provider="getdata" finished-at="2025-01-07T20:50:56 IST" duration-ms="31327" status="PASS">
          <params>
            <param index="0">
              <value>
                <![CDATA[javaprogram56@gmail.com]]>
              </value>
            </param>
            <param index="1">
              <value>
                <![CDATA[Java@1997]]>
              </value>
            </param>
            <param index="2">
              <value>
                <![CDATA[SHIVA SHIVA]]>
              </value>
            </param>
          </params>
          <reporter-output>
          </reporter-output>
        </test-method> <!-- songsearch -->
        <test-method signature="songsearch(java.lang.String,java.lang.String,java.lang.String)[pri:0, instance:arjun.Practice02.testCaseDP1@6c64cb25]" started-at="2025-01-07T20:50:56 IST" name="songsearch" data-provider="getdata" finished-at="2025-01-07T20:51:25 IST" duration-ms="28494" status="PASS">
          <params>
            <param index="0">
              <value>
                <![CDATA[javaprogramm57@gmail.com]]>
              </value>
            </param>
            <param index="1">
              <value>
                <![CDATA[Java@1997]]>
              </value>
            </param>
            <param index="2">
              <value>
                <![CDATA[Imagine Dragons]]>
              </value>
            </param>
          </params>
          <reporter-output>
          </reporter-output>
        </test-method> <!-- songsearch -->
      </class> <!-- arjun.Practice02.testCaseDP1 -->
    </test> <!-- Test -->
  </suite> <!-- Suite -->
</testng-results>
